  20185370.c
c:\users\guyle\source\repos\project13\project13\20185370.c(56): warning C4013: 'gets'이(가) 정의되지 않았습니다. extern은 int형을 반환하는 것으로 간주합니다.
c:\users\guyle\source\repos\project13\project13\20185370.c(90): warning C4013: 'system'이(가) 정의되지 않았습니다. extern은 int형을 반환하는 것으로 간주합니다.
c:\users\guyle\source\repos\project13\project13\20185370.c(35): warning C4474: 'scanf_s' : 서식 문자열에 전달된 인수가 너무 많습니다.
  c:\users\guyle\source\repos\project13\project13\20185370.c(35): note: 자리 표시자 및 해당 매개 변수에는 variadic 인수가 1개 필요하지만 2개가 제공되었습니다.
c:\users\guyle\source\repos\project13\project13\20185370.c(44): warning C4474: 'printf' : 서식 문자열에 전달된 인수가 너무 많습니다.
  c:\users\guyle\source\repos\project13\project13\20185370.c(44): note: 자리 표시자 및 해당 매개 변수에는 variadic 인수가 0개 필요하지만 1개가 제공되었습니다.
c:\users\guyle\source\repos\project13\project13\20185370.c(46): warning C4474: 'printf' : 서식 문자열에 전달된 인수가 너무 많습니다.
  c:\users\guyle\source\repos\project13\project13\20185370.c(46): note: 자리 표시자 및 해당 매개 변수에는 variadic 인수가 0개 필요하지만 1개가 제공되었습니다.
c:\users\guyle\source\repos\project13\project13\20185370.c(47): warning C4474: 'scanf_s' : 서식 문자열에 전달된 인수가 너무 많습니다.
  c:\users\guyle\source\repos\project13\project13\20185370.c(47): note: 자리 표시자 및 해당 매개 변수에는 variadic 인수가 1개 필요하지만 2개가 제공되었습니다.
c:\users\guyle\source\repos\project13\project13\20185370.c(48): warning C4474: 'printf' : 서식 문자열에 전달된 인수가 너무 많습니다.
  c:\users\guyle\source\repos\project13\project13\20185370.c(48): note: 자리 표시자 및 해당 매개 변수에는 variadic 인수가 0개 필요하지만 1개가 제공되었습니다.
c:\users\guyle\source\repos\project13\project13\20185370.c(49): warning C4474: 'scanf_s' : 서식 문자열에 전달된 인수가 너무 많습니다.
  c:\users\guyle\source\repos\project13\project13\20185370.c(49): note: 자리 표시자 및 해당 매개 변수에는 variadic 인수가 1개 필요하지만 2개가 제공되었습니다.
c:\users\guyle\source\repos\project13\project13\20185370.c(50): warning C4474: 'printf' : 서식 문자열에 전달된 인수가 너무 많습니다.
  c:\users\guyle\source\repos\project13\project13\20185370.c(50): note: 자리 표시자 및 해당 매개 변수에는 variadic 인수가 0개 필요하지만 1개가 제공되었습니다.
c:\users\guyle\source\repos\project13\project13\20185370.c(51): warning C4474: 'scanf_s' : 서식 문자열에 전달된 인수가 너무 많습니다.
  c:\users\guyle\source\repos\project13\project13\20185370.c(51): note: 자리 표시자 및 해당 매개 변수에는 variadic 인수가 1개 필요하지만 2개가 제공되었습니다.
c:\users\guyle\source\repos\project13\project13\20185370.c(52): warning C4474: 'printf' : 서식 문자열에 전달된 인수가 너무 많습니다.
  c:\users\guyle\source\repos\project13\project13\20185370.c(52): note: 자리 표시자 및 해당 매개 변수에는 variadic 인수가 0개 필요하지만 1개가 제공되었습니다.
c:\users\guyle\source\repos\project13\project13\20185370.c(55): warning C4474: 'printf' : 서식 문자열에 전달된 인수가 너무 많습니다.
  c:\users\guyle\source\repos\project13\project13\20185370.c(55): note: 자리 표시자 및 해당 매개 변수에는 variadic 인수가 0개 필요하지만 1개가 제공되었습니다.
c:\users\guyle\source\repos\project13\project13\20185370.c(57): warning C4474: 'printf' : 서식 문자열에 전달된 인수가 너무 많습니다.
  c:\users\guyle\source\repos\project13\project13\20185370.c(57): note: 자리 표시자 및 해당 매개 변수에는 variadic 인수가 0개 필요하지만 1개가 제공되었습니다.
  Project13.vcxproj -> C:\Users\guyle\source\repos\Project13\Debug\Project13.exe
